<?xml version="1.0" encoding="UTF-8"?>
<!-- Generated by org.testng.reporters.JUnitXMLReporter -->
<testsuite hostname="DESKTOP-U1OL4JI" failures="1" tests="1" name="Test8" time="111.076" errors="0" timestamp="4 Jun 2021 06:35:42 GMT">
  <testcase classname="com.triotree.website.OT.OTBillTest" name="oTBillTest" time="75.29">
    <failure type="java.lang.ArrayIndexOutOfBoundsException" message="1">
      <![CDATA[java.lang.ArrayIndexOutOfBoundsException: 1
	at com.triotree.website.pages.OTPages.OTScheduleReportPage.clickonPrint_Button(OTScheduleReportPage.java:158)
	at com.triotree.website.OT.OTBillTest.oTBillTest(OTBillTest.java:45)
... Removed 24 stack frames]]>
    </failure>
  </testcase> <!-- oTBillTest -->
</testsuite> <!-- Test8 -->
